# JRE version: Java(TM) SE Runtime Environment (8.0_111-b14) (build 1.8.0_111-b14)
# Java VM: Java HotSpot(TM) 64-Bit Server VM (25.111-b14 mixed mode windows-amd64 compressed oops)
Heap:
 PSYoungGen      total 70656K, used 65536K [0x00000000d6400000, 0x00000000df400000, 0x0000000100000000)
  eden space 65536K, 100% used [0x00000000d6400000,0x00000000da400000,0x00000000da400000)
  from space 5120K, 0% used [0x00000000da400000,0x00000000da400000,0x00000000da900000)
  to   space 8192K, 0% used [0x00000000dec00000,0x00000000dec00000,0x00000000df400000)
 ParOldGen       total 54784K, used 6654K [0x0000000082c00000, 0x0000000086180000, 0x00000000d6400000)
  object space 54784K, 12% used [0x0000000082c00000,0x000000008327f950,0x0000000086180000)
 Metaspace       used 24903K, capacity 25226K, committed 25472K, reserved 1071104K
  class space    used 3090K, capacity 3196K, committed 3200K, reserved 1048576K
GC Heap History (10 events):
Event: 1.880 GC heap before
{Heap before GC invocations=2 (full 0):
 PSYoungGen      total 37888K, used 37402K [0x00000000d6400000, 0x00000000d8e00000, 0x0000000100000000)
  eden space 32768K, 100% used [0x00000000d6400000,0x00000000d8400000,0x00000000d8400000)
  from space 5120K, 90% used [0x00000000d8400000,0x00000000d88869a0,0x00000000d8900000)
  to   space 5120K, 0% used [0x00000000d8900000,0x00000000d8900000,0x00000000d8e00000)
 ParOldGen       total 86016K, used 8K [0x0000000082c00000, 0x0000000088000000, 0x00000000d6400000)
  object space 86016K, 0% used [0x0000000082c00000,0x0000000082c02000,0x0000000088000000)
 Metaspace       used 11771K, capacity 11902K, committed 12032K, reserved 1060864K
  class space    used 1488K, capacity 1503K, committed 1536K, reserved 1048576K
Event: 1.888 GC heap after
Heap after GC invocations=2 (full 0):
 PSYoungGen      total 37888K, used 5103K [0x00000000d6400000, 0x00000000d8e00000, 0x0000000100000000)
  eden space 32768K, 0% used [0x00000000d6400000,0x00000000d6400000,0x00000000d8400000)
  from space 5120K, 99% used [0x00000000d8900000,0x00000000d8dfbee0,0x00000000d8e00000)
  to   space 5120K, 0% used [0x00000000d8400000,0x00000000d8400000,0x00000000d8900000)
 ParOldGen       total 86016K, used 630K [0x0000000082c00000, 0x0000000088000000, 0x00000000d6400000)
  object space 86016K, 0% used [0x0000000082c00000,0x0000000082c9db50,0x0000000088000000)
 Metaspace       used 11771K, capacity 11902K, committed 12032K, reserved 1060864K
  class space    used 1488K, capacity 1503K, committed 1536K, reserved 1048576K
}
Event: 2.324 GC heap before
{Heap before GC invocations=3 (full 0):
 PSYoungGen      total 37888K, used 37871K [0x00000000d6400000, 0x00000000d8e00000, 0x0000000100000000)
  eden space 32768K, 100% used [0x00000000d6400000,0x00000000d8400000,0x00000000d8400000)
  from space 5120K, 99% used [0x00000000d8900000,0x00000000d8dfbee0,0x00000000d8e00000)
  to   space 5120K, 0% used [0x00000000d8400000,0x00000000d8400000,0x00000000d8900000)
 ParOldGen       total 86016K, used 630K [0x0000000082c00000, 0x0000000088000000, 0x00000000d6400000)
  object space 86016K, 0% used [0x0000000082c00000,0x0000000082c9db50,0x0000000088000000)
 Metaspace       used 16619K, capacity 16822K, committed 17024K, reserved 1064960K
  class space    used 2043K, capacity 2099K, committed 2176K, reserved 1048576K
Event: 2.334 GC heap after
Heap after GC invocations=3 (full 0):
 PSYoungGen      total 37888K, used 5110K [0x00000000d6400000, 0x00000000dae00000, 0x0000000100000000)
  eden space 32768K, 0% used [0x00000000d6400000,0x00000000d6400000,0x00000000d8400000)
  from space 5120K, 99% used [0x00000000d8400000,0x00000000d88fdb30,0x00000000d8900000)
  to   space 5120K, 0% used [0x00000000da900000,0x00000000da900000,0x00000000dae00000)
 ParOldGen       total 86016K, used 3145K [0x0000000082c00000, 0x0000000088000000, 0x00000000d6400000)
  object space 86016K, 3% used [0x0000000082c00000,0x0000000082f12718,0x0000000088000000)
 Metaspace       used 16619K, capacity 16822K, committed 17024K, reserved 1064960K
  class space    used 2043K, capacity 2099K, committed 2176K, reserved 1048576K
}
Event: 3.616 GC heap before
{Heap before GC invocations=4 (full 0):
 PSYoungGen      total 37888K, used 37878K [0x00000000d6400000, 0x00000000dae00000, 0x0000000100000000)
  eden space 32768K, 100% used [0x00000000d6400000,0x00000000d8400000,0x00000000d8400000)
  from space 5120K, 99% used [0x00000000d8400000,0x00000000d88fdb30,0x00000000d8900000)
  to   space 5120K, 0% used [0x00000000da900000,0x00000000da900000,0x00000000dae00000)
 ParOldGen       total 86016K, used 3145K [0x0000000082c00000, 0x0000000088000000, 0x00000000d6400000)
  object space 86016K, 3% used [0x0000000082c00000,0x0000000082f12718,0x0000000088000000)
 Metaspace       used 20402K, capacity 20688K, committed 20864K, reserved 1067008K
  class space    used 2499K, capacity 2573K, committed 2688K, reserved 1048576K
Event: 3.624 GC heap after
Heap after GC invocations=4 (full 0):
 PSYoungGen      total 70656K, used 5091K [0x00000000d6400000, 0x00000000dae00000, 0x0000000100000000)
  eden space 65536K, 0% used [0x00000000d6400000,0x00000000d6400000,0x00000000da400000)
  from space 5120K, 99% used [0x00000000da900000,0x00000000dadf8ce8,0x00000000dae00000)
  to   space 5120K, 0% used [0x00000000da400000,0x00000000da400000,0x00000000da900000)
 ParOldGen       total 86016K, used 5276K [0x0000000082c00000, 0x0000000088000000, 0x00000000d6400000)
  object space 86016K, 6% used [0x0000000082c00000,0x0000000083127058,0x0000000088000000)
 Metaspace       used 20402K, capacity 20688K, committed 20864K, reserved 1067008K
  class space    used 2499K, capacity 2573K, committed 2688K, reserved 1048576K
}
Event: 3.788 GC heap before
{Heap before GC invocations=5 (full 0):
 PSYoungGen      total 70656K, used 22182K [0x00000000d6400000, 0x00000000dae00000, 0x0000000100000000)
  eden space 65536K, 26% used [0x00000000d6400000,0x00000000d74b0d48,0x00000000da400000)
  from space 5120K, 99% used [0x00000000da900000,0x00000000dadf8ce8,0x00000000dae00000)
  to   space 5120K, 0% used [0x00000000da400000,0x00000000da400000,0x00000000da900000)
 ParOldGen       total 86016K, used 5276K [0x0000000082c00000, 0x0000000088000000, 0x00000000d6400000)
  object space 86016K, 6% used [0x0000000082c00000,0x0000000083127058,0x0000000088000000)
 Metaspace       used 20948K, capacity 21180K, committed 21296K, reserved 1069056K
  class space    used 2581K, capacity 2671K, committed 2688K, reserved 1048576K
Event: 3.806 GC heap after
Heap after GC invocations=5 (full 0):
 PSYoungGen      total 70656K, used 5091K [0x00000000d6400000, 0x00000000df400000, 0x0000000100000000)
  eden space 65536K, 0% used [0x00000000d6400000,0x00000000d6400000,0x00000000da400000)
  from space 5120K, 99% used [0x00000000da400000,0x00000000da8f8cc8,0x00000000da900000)
  to   space 8192K, 0% used [0x00000000dec00000,0x00000000dec00000,0x00000000df400000)
 ParOldGen       total 86016K, used 6485K [0x0000000082c00000, 0x0000000088000000, 0x00000000d6400000)
  object space 86016K, 7% used [0x0000000082c00000,0x0000000083255548,0x0000000088000000)
 Metaspace       used 20948K, capacity 21180K, committed 21296K, reserved 1069056K
  class space    used 2581K, capacity 2671K, committed 2688K, reserved 1048576K
}
Event: 3.806 GC heap before
{Heap before GC invocations=6 (full 1):
 PSYoungGen      total 70656K, used 5091K [0x00000000d6400000, 0x00000000df400000, 0x0000000100000000)
  eden space 65536K, 0% used [0x00000000d6400000,0x00000000d6400000,0x00000000da400000)
  from space 5120K, 99% used [0x00000000da400000,0x00000000da8f8cc8,0x00000000da900000)
  to   space 8192K, 0% used [0x00000000dec00000,0x00000000dec00000,0x00000000df400000)
 ParOldGen       total 86016K, used 6485K [0x0000000082c00000, 0x0000000088000000, 0x00000000d6400000)
  object space 86016K, 7% used [0x0000000082c00000,0x0000000083255548,0x0000000088000000)
 Metaspace       used 20948K, capacity 21180K, committed 21296K, reserved 1069056K
  class space    used 2581K, capacity 2671K, committed 2688K, reserved 1048576K
Event: 3.849 GC heap after
Heap after GC invocations=6 (full 1):
 PSYoungGen      total 70656K, used 0K [0x00000000d6400000, 0x00000000df400000, 0x0000000100000000)
  eden space 65536K, 0% used [0x00000000d6400000,0x00000000d6400000,0x00000000da400000)
  from space 5120K, 0% used [0x00000000da400000,0x00000000da400000,0x00000000da900000)
  to   space 8192K, 0% used [0x00000000dec00000,0x00000000dec00000,0x00000000df400000)
 ParOldGen       total 54784K, used 6654K [0x0000000082c00000, 0x0000000086180000, 0x00000000d6400000)
  object space 54784K, 12% used [0x0000000082c00000,0x000000008327f950,0x0000000086180000)
 Metaspace       used 20948K, capacity 21180K, committed 21296K, reserved 1069056K
  class space    used 2581K, capacity 2671K, committed 2688K, reserved 1048576K
}

