# JRE version: Java(TM) SE Runtime Environment (8.0_111-b14) (build 1.8.0_111-b14)
# Java VM: Java HotSpot(TM) 64-Bit Server VM (25.111-b14 mixed mode windows-amd64 compressed oops)
Heap:
 PSYoungGen      total 70656K, used 59672K [0x00000000d6400000, 0x00000000dfd00000, 0x0000000100000000)
  eden space 65536K, 83% used [0x00000000d6400000,0x00000000d994a3b0,0x00000000da400000)
  from space 5120K, 99% used [0x00000000da400000,0x00000000da8fc010,0x00000000da900000)
  to   space 12800K, 0% used [0x00000000df080000,0x00000000df080000,0x00000000dfd00000)
 ParOldGen       total 86016K, used 15628K [0x0000000082c00000, 0x0000000088000000, 0x00000000d6400000)
  object space 86016K, 18% used [0x0000000082c00000,0x0000000083b43378,0x0000000088000000)
 Metaspace       used 18073K, capacity 18578K, committed 18944K, reserved 1067008K
  class space    used 2087K, capacity 2224K, committed 2304K, reserved 1048576K
GC Heap History (10 events):
Event: 0.796 GC heap before
{Heap before GC invocations=1 (full 0):
 PSYoungGen      total 37888K, used 32768K [0x00000000d6400000, 0x00000000d8e00000, 0x0000000100000000)
  eden space 32768K, 100% used [0x00000000d6400000,0x00000000d8400000,0x00000000d8400000)
  from space 5120K, 0% used [0x00000000d8900000,0x00000000d8900000,0x00000000d8e00000)
  to   space 5120K, 0% used [0x00000000d8400000,0x00000000d8400000,0x00000000d8900000)
 ParOldGen       total 86016K, used 0K [0x0000000082c00000, 0x0000000088000000, 0x00000000d6400000)
  object space 86016K, 0% used [0x0000000082c00000,0x0000000082c00000,0x0000000088000000)
 Metaspace       used 7825K, capacity 8008K, committed 8320K, reserved 1056768K
  class space    used 986K, capacity 1052K, committed 1152K, reserved 1048576K
Event: 0.803 GC heap after
Heap after GC invocations=1 (full 0):
 PSYoungGen      total 37888K, used 4638K [0x00000000d6400000, 0x00000000d8e00000, 0x0000000100000000)
  eden space 32768K, 0% used [0x00000000d6400000,0x00000000d6400000,0x00000000d8400000)
  from space 5120K, 90% used [0x00000000d8400000,0x00000000d88878e8,0x00000000d8900000)
  to   space 5120K, 0% used [0x00000000d8900000,0x00000000d8900000,0x00000000d8e00000)
 ParOldGen       total 86016K, used 8K [0x0000000082c00000, 0x0000000088000000, 0x00000000d6400000)
  object space 86016K, 0% used [0x0000000082c00000,0x0000000082c02000,0x0000000088000000)
 Metaspace       used 7825K, capacity 8008K, committed 8320K, reserved 1056768K
  class space    used 986K, capacity 1052K, committed 1152K, reserved 1048576K
}
Event: 1.383 GC heap before
{Heap before GC invocations=2 (full 0):
 PSYoungGen      total 37888K, used 37406K [0x00000000d6400000, 0x00000000d8e00000, 0x0000000100000000)
  eden space 32768K, 100% used [0x00000000d6400000,0x00000000d8400000,0x00000000d8400000)
  from space 5120K, 90% used [0x00000000d8400000,0x00000000d88878e8,0x00000000d8900000)
  to   space 5120K, 0% used [0x00000000d8900000,0x00000000d8900000,0x00000000d8e00000)
 ParOldGen       total 86016K, used 8K [0x0000000082c00000, 0x0000000088000000, 0x00000000d6400000)
  object space 86016K, 0% used [0x0000000082c00000,0x0000000082c02000,0x0000000088000000)
 Metaspace       used 11837K, capacity 11994K, committed 12160K, reserved 1060864K
  class space    used 1500K, capacity 1609K, committed 1664K, reserved 1048576K
Event: 1.389 GC heap after
Heap after GC invocations=2 (full 0):
 PSYoungGen      total 37888K, used 5116K [0x00000000d6400000, 0x00000000d8e00000, 0x0000000100000000)
  eden space 32768K, 0% used [0x00000000d6400000,0x00000000d6400000,0x00000000d8400000)
  from space 5120K, 99% used [0x00000000d8900000,0x00000000d8dff210,0x00000000d8e00000)
  to   space 5120K, 0% used [0x00000000d8400000,0x00000000d8400000,0x00000000d8900000)
 ParOldGen       total 86016K, used 2217K [0x0000000082c00000, 0x0000000088000000, 0x00000000d6400000)
  object space 86016K, 2% used [0x0000000082c00000,0x0000000082e2a510,0x0000000088000000)
 Metaspace       used 11837K, capacity 11994K, committed 12160K, reserved 1060864K
  class space    used 1500K, capacity 1609K, committed 1664K, reserved 1048576K
}
Event: 2.118 GC heap before
{Heap before GC invocations=3 (full 0):
 PSYoungGen      total 37888K, used 37884K [0x00000000d6400000, 0x00000000d8e00000, 0x0000000100000000)
  eden space 32768K, 100% used [0x00000000d6400000,0x00000000d8400000,0x00000000d8400000)
  from space 5120K, 99% used [0x00000000d8900000,0x00000000d8dff210,0x00000000d8e00000)
  to   space 5120K, 0% used [0x00000000d8400000,0x00000000d8400000,0x00000000d8900000)
 ParOldGen       total 86016K, used 2217K [0x0000000082c00000, 0x0000000088000000, 0x00000000d6400000)
  object space 86016K, 2% used [0x0000000082c00000,0x0000000082e2a510,0x0000000088000000)
 Metaspace       used 14444K, capacity 14644K, committed 14976K, reserved 1062912K
  class space    used 1775K, capacity 1880K, committed 1920K, reserved 1048576K
Event: 2.130 GC heap after
Heap after GC invocations=3 (full 0):
 PSYoungGen      total 37888K, used 5104K [0x00000000d6400000, 0x00000000dae00000, 0x0000000100000000)
  eden space 32768K, 0% used [0x00000000d6400000,0x00000000d6400000,0x00000000d8400000)
  from space 5120K, 99% used [0x00000000d8400000,0x00000000d88fc010,0x00000000d8900000)
  to   space 5120K, 0% used [0x00000000da900000,0x00000000da900000,0x00000000dae00000)
 ParOldGen       total 86016K, used 6405K [0x0000000082c00000, 0x0000000088000000, 0x00000000d6400000)
  object space 86016K, 7% used [0x0000000082c00000,0x0000000083241788,0x0000000088000000)
 Metaspace       used 14444K, capacity 14644K, committed 14976K, reserved 1062912K
  class space    used 1775K, capacity 1880K, committed 1920K, reserved 1048576K
}
Event: 2.679 GC heap before
{Heap before GC invocations=4 (full 0):
 PSYoungGen      total 37888K, used 37872K [0x00000000d6400000, 0x00000000dae00000, 0x0000000100000000)
  eden space 32768K, 100% used [0x00000000d6400000,0x00000000d8400000,0x00000000d8400000)
  from space 5120K, 99% used [0x00000000d8400000,0x00000000d88fc010,0x00000000d8900000)
  to   space 5120K, 0% used [0x00000000da900000,0x00000000da900000,0x00000000dae00000)
 ParOldGen       total 86016K, used 6405K [0x0000000082c00000, 0x0000000088000000, 0x00000000d6400000)
  object space 86016K, 7% used [0x0000000082c00000,0x0000000083241788,0x0000000088000000)
 Metaspace       used 14931K, capacity 15194K, committed 15488K, reserved 1062912K
  class space    used 1809K, capacity 1913K, committed 1920K, reserved 1048576K
Event: 2.696 GC heap after
Heap after GC invocations=4 (full 0):
 PSYoungGen      total 70656K, used 5088K [0x00000000d6400000, 0x00000000dae00000, 0x0000000100000000)
  eden space 65536K, 0% used [0x00000000d6400000,0x00000000d6400000,0x00000000da400000)
  from space 5120K, 99% used [0x00000000da900000,0x00000000dadf8020,0x00000000dae00000)
  to   space 5120K, 0% used [0x00000000da400000,0x00000000da400000,0x00000000da900000)
 ParOldGen       total 86016K, used 10437K [0x0000000082c00000, 0x0000000088000000, 0x00000000d6400000)
  object space 86016K, 12% used [0x0000000082c00000,0x00000000836314a8,0x0000000088000000)
 Metaspace       used 14931K, capacity 15194K, committed 15488K, reserved 1062912K
  class space    used 1809K, capacity 1913K, committed 1920K, reserved 1048576K
}
Event: 4.336 GC heap before
{Heap before GC invocations=5 (full 0):
 PSYoungGen      total 70656K, used 70624K [0x00000000d6400000, 0x00000000dae00000, 0x0000000100000000)
  eden space 65536K, 100% used [0x00000000d6400000,0x00000000da400000,0x00000000da400000)
  from space 5120K, 99% used [0x00000000da900000,0x00000000dadf8020,0x00000000dae00000)
  to   space 5120K, 0% used [0x00000000da400000,0x00000000da400000,0x00000000da900000)
 ParOldGen       total 86016K, used 10437K [0x0000000082c00000, 0x0000000088000000, 0x00000000d6400000)
  object space 86016K, 12% used [0x0000000082c00000,0x00000000836314a8,0x0000000088000000)
 Metaspace       used 16111K, capacity 16420K, committed 16640K, reserved 1064960K
  class space    used 1915K, capacity 2020K, committed 2048K, reserved 1048576K
Event: 4.354 GC heap after
Heap after GC invocations=5 (full 0):
 PSYoungGen      total 70656K, used 5104K [0x00000000d6400000, 0x00000000dfd00000, 0x0000000100000000)
  eden space 65536K, 0% used [0x00000000d6400000,0x00000000d6400000,0x00000000da400000)
  from space 5120K, 99% used [0x00000000da400000,0x00000000da8fc010,0x00000000da900000)
  to   space 12800K, 0% used [0x00000000df080000,0x00000000df080000,0x00000000dfd00000)
 ParOldGen       total 86016K, used 15628K [0x0000000082c00000, 0x0000000088000000, 0x00000000d6400000)
  object space 86016K, 18% used [0x0000000082c00000,0x0000000083b43378,0x0000000088000000)
 Metaspace       used 16111K, capacity 16420K, committed 16640K, reserved 1064960K
  class space    used 1915K, capacity 2020K, committed 2048K, reserved 1048576K
}

